[2025-03-01 07:08:59] production.ERROR: The /home/adornado/Documents/backend/bootstrap/cache directory must be present and writable. {"exception":"[object] (Exception(code: 0): The /home/adornado/Documents/backend/bootstrap/cache directory must be present and writable. at /home/adornado/Documents/backend/vendor/laravel/framework/src/Illuminate/Foundation/PackageManifest.php:178)
[stacktrace]
#0 /home/adornado/Documents/backend/vendor/laravel/framework/src/Illuminate/Foundation/PackageManifest.php(131): Illuminate\\Foundation\\PackageManifest->write()
#1 /home/adornado/Documents/backend/vendor/laravel/framework/src/Illuminate/Foundation/PackageManifest.php(107): Illuminate\\Foundation\\PackageManifest->build()
#2 /home/adornado/Documents/backend/vendor/laravel/framework/src/Illuminate/Foundation/PackageManifest.php(90): Illuminate\\Foundation\\PackageManifest->getManifest()
#3 /home/adornado/Documents/backend/vendor/laravel/framework/src/Illuminate/Foundation/PackageManifest.php(79): Illuminate\\Foundation\\PackageManifest->config()
#4 /home/adornado/Documents/backend/vendor/laravel/framework/src/Illuminate/Foundation/Bootstrap/RegisterFacades.php(26): Illuminate\\Foundation\\PackageManifest->aliases()
#5 /home/adornado/Documents/backend/vendor/laravel/framework/src/Illuminate/Foundation/Application.php(309): Illuminate\\Foundation\\Bootstrap\\RegisterFacades->bootstrap()
#6 /home/adornado/Documents/backend/vendor/laravel/framework/src/Illuminate/Foundation/Console/Kernel.php(470): Illuminate\\Foundation\\Application->bootstrapWith()
#7 /home/adornado/Documents/backend/vendor/laravel/framework/src/Illuminate/Foundation/Console/Kernel.php(194): Illuminate\\Foundation\\Console\\Kernel->bootstrap()
#8 /home/adornado/Documents/backend/vendor/laravel/framework/src/Illuminate/Foundation/Application.php(1187): Illuminate\\Foundation\\Console\\Kernel->handle()
#9 /home/adornado/Documents/backend/artisan(13): Illuminate\\Foundation\\Application->handleCommand()
#10 {main}
"} 
[2025-03-01 15:10:52] local.ERROR: The /home/adornado/Documents/backend/bootstrap/cache directory must be present and writable. {"exception":"[object] (Exception(code: 0): The /home/adornado/Documents/backend/bootstrap/cache directory must be present and writable. at /home/adornado/Documents/backend/vendor/laravel/framework/src/Illuminate/Foundation/PackageManifest.php:178)
[stacktrace]
#0 /home/adornado/Documents/backend/vendor/laravel/framework/src/Illuminate/Foundation/PackageManifest.php(131): Illuminate\\Foundation\\PackageManifest->write()
#1 /home/adornado/Documents/backend/vendor/laravel/framework/src/Illuminate/Foundation/PackageManifest.php(107): Illuminate\\Foundation\\PackageManifest->build()
#2 /home/adornado/Documents/backend/vendor/laravel/framework/src/Illuminate/Foundation/PackageManifest.php(90): Illuminate\\Foundation\\PackageManifest->getManifest()
#3 /home/adornado/Documents/backend/vendor/laravel/framework/src/Illuminate/Foundation/PackageManifest.php(79): Illuminate\\Foundation\\PackageManifest->config()
#4 /home/adornado/Documents/backend/vendor/laravel/framework/src/Illuminate/Foundation/Bootstrap/RegisterFacades.php(26): Illuminate\\Foundation\\PackageManifest->aliases()
#5 /home/adornado/Documents/backend/vendor/laravel/framework/src/Illuminate/Foundation/Application.php(309): Illuminate\\Foundation\\Bootstrap\\RegisterFacades->bootstrap()
#6 /home/adornado/Documents/backend/vendor/laravel/framework/src/Illuminate/Foundation/Console/Kernel.php(470): Illuminate\\Foundation\\Application->bootstrapWith()
#7 /home/adornado/Documents/backend/vendor/laravel/framework/src/Illuminate/Foundation/Console/Kernel.php(194): Illuminate\\Foundation\\Console\\Kernel->bootstrap()
#8 /home/adornado/Documents/backend/vendor/laravel/framework/src/Illuminate/Foundation/Application.php(1187): Illuminate\\Foundation\\Console\\Kernel->handle()
#9 /home/adornado/Documents/backend/artisan(13): Illuminate\\Foundation\\Application->handleCommand()
#10 {main}
"} 
[2025-03-01 15:11:03] local.ERROR: The /home/adornado/Documents/backend/bootstrap/cache directory must be present and writable. {"exception":"[object] (Exception(code: 0): The /home/adornado/Documents/backend/bootstrap/cache directory must be present and writable. at /home/adornado/Documents/backend/vendor/laravel/framework/src/Illuminate/Foundation/PackageManifest.php:178)
[stacktrace]
#0 /home/adornado/Documents/backend/vendor/laravel/framework/src/Illuminate/Foundation/PackageManifest.php(131): Illuminate\\Foundation\\PackageManifest->write()
#1 /home/adornado/Documents/backend/vendor/laravel/framework/src/Illuminate/Foundation/PackageManifest.php(107): Illuminate\\Foundation\\PackageManifest->build()
#2 /home/adornado/Documents/backend/vendor/laravel/framework/src/Illuminate/Foundation/PackageManifest.php(90): Illuminate\\Foundation\\PackageManifest->getManifest()
#3 /home/adornado/Documents/backend/vendor/laravel/framework/src/Illuminate/Foundation/PackageManifest.php(79): Illuminate\\Foundation\\PackageManifest->config()
#4 /home/adornado/Documents/backend/vendor/laravel/framework/src/Illuminate/Foundation/Bootstrap/RegisterFacades.php(26): Illuminate\\Foundation\\PackageManifest->aliases()
#5 /home/adornado/Documents/backend/vendor/laravel/framework/src/Illuminate/Foundation/Application.php(309): Illuminate\\Foundation\\Bootstrap\\RegisterFacades->bootstrap()
#6 /home/adornado/Documents/backend/vendor/laravel/framework/src/Illuminate/Foundation/Console/Kernel.php(470): Illuminate\\Foundation\\Application->bootstrapWith()
#7 /home/adornado/Documents/backend/vendor/laravel/framework/src/Illuminate/Foundation/Console/Kernel.php(194): Illuminate\\Foundation\\Console\\Kernel->bootstrap()
#8 /home/adornado/Documents/backend/vendor/laravel/framework/src/Illuminate/Foundation/Application.php(1187): Illuminate\\Foundation\\Console\\Kernel->handle()
#9 /home/adornado/Documents/backend/artisan(13): Illuminate\\Foundation\\Application->handleCommand()
#10 {main}
"} 
[2025-03-01 15:11:46] local.ERROR: The /home/adornado/Documents/backend/bootstrap/cache directory must be present and writable. {"exception":"[object] (Exception(code: 0): The /home/adornado/Documents/backend/bootstrap/cache directory must be present and writable. at /home/adornado/Documents/backend/vendor/laravel/framework/src/Illuminate/Foundation/PackageManifest.php:178)
[stacktrace]
#0 /home/adornado/Documents/backend/vendor/laravel/framework/src/Illuminate/Foundation/PackageManifest.php(131): Illuminate\\Foundation\\PackageManifest->write()
#1 /home/adornado/Documents/backend/vendor/laravel/framework/src/Illuminate/Foundation/PackageManifest.php(107): Illuminate\\Foundation\\PackageManifest->build()
#2 /home/adornado/Documents/backend/vendor/laravel/framework/src/Illuminate/Foundation/PackageManifest.php(90): Illuminate\\Foundation\\PackageManifest->getManifest()
#3 /home/adornado/Documents/backend/vendor/laravel/framework/src/Illuminate/Foundation/PackageManifest.php(79): Illuminate\\Foundation\\PackageManifest->config()
#4 /home/adornado/Documents/backend/vendor/laravel/framework/src/Illuminate/Foundation/Bootstrap/RegisterFacades.php(26): Illuminate\\Foundation\\PackageManifest->aliases()
#5 /home/adornado/Documents/backend/vendor/laravel/framework/src/Illuminate/Foundation/Application.php(309): Illuminate\\Foundation\\Bootstrap\\RegisterFacades->bootstrap()
#6 /home/adornado/Documents/backend/vendor/laravel/framework/src/Illuminate/Foundation/Console/Kernel.php(470): Illuminate\\Foundation\\Application->bootstrapWith()
#7 /home/adornado/Documents/backend/vendor/laravel/framework/src/Illuminate/Foundation/Console/Kernel.php(194): Illuminate\\Foundation\\Console\\Kernel->bootstrap()
#8 /home/adornado/Documents/backend/vendor/laravel/framework/src/Illuminate/Foundation/Application.php(1187): Illuminate\\Foundation\\Console\\Kernel->handle()
#9 /home/adornado/Documents/backend/artisan(13): Illuminate\\Foundation\\Application->handleCommand()
#10 {main}
"} 
[2025-03-01 15:12:07] local.ERROR: The /home/adornado/Documents/backend/bootstrap/cache directory must be present and writable. {"exception":"[object] (Exception(code: 0): The /home/adornado/Documents/backend/bootstrap/cache directory must be present and writable. at /home/adornado/Documents/backend/vendor/laravel/framework/src/Illuminate/Foundation/PackageManifest.php:178)
[stacktrace]
#0 /home/adornado/Documents/backend/vendor/laravel/framework/src/Illuminate/Foundation/PackageManifest.php(131): Illuminate\\Foundation\\PackageManifest->write()
#1 /home/adornado/Documents/backend/vendor/laravel/framework/src/Illuminate/Foundation/PackageManifest.php(107): Illuminate\\Foundation\\PackageManifest->build()
#2 /home/adornado/Documents/backend/vendor/laravel/framework/src/Illuminate/Foundation/PackageManifest.php(90): Illuminate\\Foundation\\PackageManifest->getManifest()
#3 /home/adornado/Documents/backend/vendor/laravel/framework/src/Illuminate/Foundation/PackageManifest.php(79): Illuminate\\Foundation\\PackageManifest->config()
#4 /home/adornado/Documents/backend/vendor/laravel/framework/src/Illuminate/Foundation/Bootstrap/RegisterFacades.php(26): Illuminate\\Foundation\\PackageManifest->aliases()
#5 /home/adornado/Documents/backend/vendor/laravel/framework/src/Illuminate/Foundation/Application.php(309): Illuminate\\Foundation\\Bootstrap\\RegisterFacades->bootstrap()
#6 /home/adornado/Documents/backend/vendor/laravel/framework/src/Illuminate/Foundation/Console/Kernel.php(470): Illuminate\\Foundation\\Application->bootstrapWith()
#7 /home/adornado/Documents/backend/vendor/laravel/framework/src/Illuminate/Foundation/Console/Kernel.php(194): Illuminate\\Foundation\\Console\\Kernel->bootstrap()
#8 /home/adornado/Documents/backend/vendor/laravel/framework/src/Illuminate/Foundation/Application.php(1187): Illuminate\\Foundation\\Console\\Kernel->handle()
#9 /home/adornado/Documents/backend/artisan(13): Illuminate\\Foundation\\Application->handleCommand()
#10 {main}
"} 
[2025-03-01 15:12:35] local.ERROR: The /home/adornado/Documents/backend/bootstrap/cache directory must be present and writable. {"exception":"[object] (Exception(code: 0): The /home/adornado/Documents/backend/bootstrap/cache directory must be present and writable. at /home/adornado/Documents/backend/vendor/laravel/framework/src/Illuminate/Foundation/PackageManifest.php:178)
[stacktrace]
#0 /home/adornado/Documents/backend/vendor/laravel/framework/src/Illuminate/Foundation/PackageManifest.php(131): Illuminate\\Foundation\\PackageManifest->write()
#1 /home/adornado/Documents/backend/vendor/laravel/framework/src/Illuminate/Foundation/PackageManifest.php(107): Illuminate\\Foundation\\PackageManifest->build()
#2 /home/adornado/Documents/backend/vendor/laravel/framework/src/Illuminate/Foundation/PackageManifest.php(90): Illuminate\\Foundation\\PackageManifest->getManifest()
#3 /home/adornado/Documents/backend/vendor/laravel/framework/src/Illuminate/Foundation/PackageManifest.php(79): Illuminate\\Foundation\\PackageManifest->config()
#4 /home/adornado/Documents/backend/vendor/laravel/framework/src/Illuminate/Foundation/Bootstrap/RegisterFacades.php(26): Illuminate\\Foundation\\PackageManifest->aliases()
#5 /home/adornado/Documents/backend/vendor/laravel/framework/src/Illuminate/Foundation/Application.php(309): Illuminate\\Foundation\\Bootstrap\\RegisterFacades->bootstrap()
#6 /home/adornado/Documents/backend/vendor/laravel/framework/src/Illuminate/Foundation/Console/Kernel.php(470): Illuminate\\Foundation\\Application->bootstrapWith()
#7 /home/adornado/Documents/backend/vendor/laravel/framework/src/Illuminate/Foundation/Console/Kernel.php(194): Illuminate\\Foundation\\Console\\Kernel->bootstrap()
#8 /home/adornado/Documents/backend/vendor/laravel/framework/src/Illuminate/Foundation/Application.php(1187): Illuminate\\Foundation\\Console\\Kernel->handle()
#9 /home/adornado/Documents/backend/artisan(13): Illuminate\\Foundation\\Application->handleCommand()
#10 {main}
"} 
[2025-03-01 15:12:43] local.ERROR: The /home/adornado/Documents/backend/bootstrap/cache directory must be present and writable. {"exception":"[object] (Exception(code: 0): The /home/adornado/Documents/backend/bootstrap/cache directory must be present and writable. at /home/adornado/Documents/backend/vendor/laravel/framework/src/Illuminate/Foundation/PackageManifest.php:178)
[stacktrace]
#0 /home/adornado/Documents/backend/vendor/laravel/framework/src/Illuminate/Foundation/PackageManifest.php(131): Illuminate\\Foundation\\PackageManifest->write()
#1 /home/adornado/Documents/backend/vendor/laravel/framework/src/Illuminate/Foundation/PackageManifest.php(107): Illuminate\\Foundation\\PackageManifest->build()
#2 /home/adornado/Documents/backend/vendor/laravel/framework/src/Illuminate/Foundation/PackageManifest.php(90): Illuminate\\Foundation\\PackageManifest->getManifest()
#3 /home/adornado/Documents/backend/vendor/laravel/framework/src/Illuminate/Foundation/PackageManifest.php(79): Illuminate\\Foundation\\PackageManifest->config()
#4 /home/adornado/Documents/backend/vendor/laravel/framework/src/Illuminate/Foundation/Bootstrap/RegisterFacades.php(26): Illuminate\\Foundation\\PackageManifest->aliases()
#5 /home/adornado/Documents/backend/vendor/laravel/framework/src/Illuminate/Foundation/Application.php(309): Illuminate\\Foundation\\Bootstrap\\RegisterFacades->bootstrap()
#6 /home/adornado/Documents/backend/vendor/laravel/framework/src/Illuminate/Foundation/Console/Kernel.php(470): Illuminate\\Foundation\\Application->bootstrapWith()
#7 /home/adornado/Documents/backend/vendor/laravel/framework/src/Illuminate/Foundation/Console/Kernel.php(194): Illuminate\\Foundation\\Console\\Kernel->bootstrap()
#8 /home/adornado/Documents/backend/vendor/laravel/framework/src/Illuminate/Foundation/Application.php(1187): Illuminate\\Foundation\\Console\\Kernel->handle()
#9 /home/adornado/Documents/backend/artisan(13): Illuminate\\Foundation\\Application->handleCommand()
#10 {main}
"} 
[2025-03-01 15:13:22] local.ERROR: The /home/adornado/Documents/backend/bootstrap/cache directory must be present and writable. {"exception":"[object] (Exception(code: 0): The /home/adornado/Documents/backend/bootstrap/cache directory must be present and writable. at /home/adornado/Documents/backend/vendor/laravel/framework/src/Illuminate/Foundation/PackageManifest.php:178)
[stacktrace]
#0 /home/adornado/Documents/backend/vendor/laravel/framework/src/Illuminate/Foundation/PackageManifest.php(131): Illuminate\\Foundation\\PackageManifest->write()
#1 /home/adornado/Documents/backend/vendor/laravel/framework/src/Illuminate/Foundation/PackageManifest.php(107): Illuminate\\Foundation\\PackageManifest->build()
#2 /home/adornado/Documents/backend/vendor/laravel/framework/src/Illuminate/Foundation/PackageManifest.php(90): Illuminate\\Foundation\\PackageManifest->getManifest()
#3 /home/adornado/Documents/backend/vendor/laravel/framework/src/Illuminate/Foundation/PackageManifest.php(79): Illuminate\\Foundation\\PackageManifest->config()
#4 /home/adornado/Documents/backend/vendor/laravel/framework/src/Illuminate/Foundation/Bootstrap/RegisterFacades.php(26): Illuminate\\Foundation\\PackageManifest->aliases()
#5 /home/adornado/Documents/backend/vendor/laravel/framework/src/Illuminate/Foundation/Application.php(309): Illuminate\\Foundation\\Bootstrap\\RegisterFacades->bootstrap()
#6 /home/adornado/Documents/backend/vendor/laravel/framework/src/Illuminate/Foundation/Console/Kernel.php(470): Illuminate\\Foundation\\Application->bootstrapWith()
#7 /home/adornado/Documents/backend/vendor/laravel/framework/src/Illuminate/Foundation/Console/Kernel.php(194): Illuminate\\Foundation\\Console\\Kernel->bootstrap()
#8 /home/adornado/Documents/backend/vendor/laravel/framework/src/Illuminate/Foundation/Application.php(1187): Illuminate\\Foundation\\Console\\Kernel->handle()
#9 /home/adornado/Documents/backend/artisan(13): Illuminate\\Foundation\\Application->handleCommand()
#10 {main}
"} 
[2025-03-01 15:13:28] local.ERROR: The /home/adornado/Documents/backend/bootstrap/cache directory must be present and writable. {"exception":"[object] (Exception(code: 0): The /home/adornado/Documents/backend/bootstrap/cache directory must be present and writable. at /home/adornado/Documents/backend/vendor/laravel/framework/src/Illuminate/Foundation/PackageManifest.php:178)
[stacktrace]
#0 /home/adornado/Documents/backend/vendor/laravel/framework/src/Illuminate/Foundation/PackageManifest.php(131): Illuminate\\Foundation\\PackageManifest->write()
#1 /home/adornado/Documents/backend/vendor/laravel/framework/src/Illuminate/Foundation/PackageManifest.php(107): Illuminate\\Foundation\\PackageManifest->build()
#2 /home/adornado/Documents/backend/vendor/laravel/framework/src/Illuminate/Foundation/PackageManifest.php(90): Illuminate\\Foundation\\PackageManifest->getManifest()
#3 /home/adornado/Documents/backend/vendor/laravel/framework/src/Illuminate/Foundation/PackageManifest.php(79): Illuminate\\Foundation\\PackageManifest->config()
#4 /home/adornado/Documents/backend/vendor/laravel/framework/src/Illuminate/Foundation/Bootstrap/RegisterFacades.php(26): Illuminate\\Foundation\\PackageManifest->aliases()
#5 /home/adornado/Documents/backend/vendor/laravel/framework/src/Illuminate/Foundation/Application.php(309): Illuminate\\Foundation\\Bootstrap\\RegisterFacades->bootstrap()
#6 /home/adornado/Documents/backend/vendor/laravel/framework/src/Illuminate/Foundation/Console/Kernel.php(470): Illuminate\\Foundation\\Application->bootstrapWith()
#7 /home/adornado/Documents/backend/vendor/laravel/framework/src/Illuminate/Foundation/Console/Kernel.php(194): Illuminate\\Foundation\\Console\\Kernel->bootstrap()
#8 /home/adornado/Documents/backend/vendor/laravel/framework/src/Illuminate/Foundation/Application.php(1187): Illuminate\\Foundation\\Console\\Kernel->handle()
#9 /home/adornado/Documents/backend/artisan(13): Illuminate\\Foundation\\Application->handleCommand()
#10 {main}
"} 
[2025-03-01 15:14:19] local.ERROR: The /home/adornado/Documents/backend/bootstrap/cache directory must be present and writable. {"exception":"[object] (Exception(code: 0): The /home/adornado/Documents/backend/bootstrap/cache directory must be present and writable. at /home/adornado/Documents/backend/vendor/laravel/framework/src/Illuminate/Foundation/PackageManifest.php:178)
[stacktrace]
#0 /home/adornado/Documents/backend/vendor/laravel/framework/src/Illuminate/Foundation/PackageManifest.php(131): Illuminate\\Foundation\\PackageManifest->write()
#1 /home/adornado/Documents/backend/vendor/laravel/framework/src/Illuminate/Foundation/PackageManifest.php(107): Illuminate\\Foundation\\PackageManifest->build()
#2 /home/adornado/Documents/backend/vendor/laravel/framework/src/Illuminate/Foundation/PackageManifest.php(90): Illuminate\\Foundation\\PackageManifest->getManifest()
#3 /home/adornado/Documents/backend/vendor/laravel/framework/src/Illuminate/Foundation/PackageManifest.php(79): Illuminate\\Foundation\\PackageManifest->config()
#4 /home/adornado/Documents/backend/vendor/laravel/framework/src/Illuminate/Foundation/Bootstrap/RegisterFacades.php(26): Illuminate\\Foundation\\PackageManifest->aliases()
#5 /home/adornado/Documents/backend/vendor/laravel/framework/src/Illuminate/Foundation/Application.php(309): Illuminate\\Foundation\\Bootstrap\\RegisterFacades->bootstrap()
#6 /home/adornado/Documents/backend/vendor/laravel/framework/src/Illuminate/Foundation/Console/Kernel.php(470): Illuminate\\Foundation\\Application->bootstrapWith()
#7 /home/adornado/Documents/backend/vendor/laravel/framework/src/Illuminate/Foundation/Console/Kernel.php(194): Illuminate\\Foundation\\Console\\Kernel->bootstrap()
#8 /home/adornado/Documents/backend/vendor/laravel/framework/src/Illuminate/Foundation/Application.php(1187): Illuminate\\Foundation\\Console\\Kernel->handle()
#9 /home/adornado/Documents/backend/artisan(13): Illuminate\\Foundation\\Application->handleCommand()
#10 {main}
"} 
[2025-03-01 15:14:25] local.ERROR: The /home/adornado/Documents/backend/bootstrap/cache directory must be present and writable. {"exception":"[object] (Exception(code: 0): The /home/adornado/Documents/backend/bootstrap/cache directory must be present and writable. at /home/adornado/Documents/backend/vendor/laravel/framework/src/Illuminate/Foundation/PackageManifest.php:178)
[stacktrace]
#0 /home/adornado/Documents/backend/vendor/laravel/framework/src/Illuminate/Foundation/PackageManifest.php(131): Illuminate\\Foundation\\PackageManifest->write()
#1 /home/adornado/Documents/backend/vendor/laravel/framework/src/Illuminate/Foundation/PackageManifest.php(107): Illuminate\\Foundation\\PackageManifest->build()
#2 /home/adornado/Documents/backend/vendor/laravel/framework/src/Illuminate/Foundation/PackageManifest.php(90): Illuminate\\Foundation\\PackageManifest->getManifest()
#3 /home/adornado/Documents/backend/vendor/laravel/framework/src/Illuminate/Foundation/PackageManifest.php(79): Illuminate\\Foundation\\PackageManifest->config()
#4 /home/adornado/Documents/backend/vendor/laravel/framework/src/Illuminate/Foundation/Bootstrap/RegisterFacades.php(26): Illuminate\\Foundation\\PackageManifest->aliases()
#5 /home/adornado/Documents/backend/vendor/laravel/framework/src/Illuminate/Foundation/Application.php(309): Illuminate\\Foundation\\Bootstrap\\RegisterFacades->bootstrap()
#6 /home/adornado/Documents/backend/vendor/laravel/framework/src/Illuminate/Foundation/Console/Kernel.php(470): Illuminate\\Foundation\\Application->bootstrapWith()
#7 /home/adornado/Documents/backend/vendor/laravel/framework/src/Illuminate/Foundation/Console/Kernel.php(194): Illuminate\\Foundation\\Console\\Kernel->bootstrap()
#8 /home/adornado/Documents/backend/vendor/laravel/framework/src/Illuminate/Foundation/Application.php(1187): Illuminate\\Foundation\\Console\\Kernel->handle()
#9 /home/adornado/Documents/backend/artisan(13): Illuminate\\Foundation\\Application->handleCommand()
#10 {main}
"} 
